<?xml version="1.0" encoding="UTF-8"?>
<!-- Generated by org.testng.reporters.JUnitReportReporter -->
<testsuite hostname="PSSLDELAS2173" failures="0" tests="8" name="testCases.Login" time="7.283" errors="0" timestamp="2024-08-28T16:53:22 IST" skipped="0">
  <testcase classname="testCases.Login" name="testLoginData" time="1.280"/>
  <testcase classname="testCases.Login" name="dataRead" time="0.697"/>
  <testcase classname="testCases.Login" name="testLoginData" time="1.373"/>
  <testcase classname="testCases.Login" name="testLoginData" time="1.297"/>
  <testcase classname="testCases.Login" name="testLoginData" time="1.323"/>
  <testcase classname="testCases.Login" name="testLoginData" time="1.309"/>
  <testcase classname="testCases.Login" name="pageRedirection" time="0.001"/>
  <testcase classname="testCases.Login" name="userLogin" time="0.003"/>
</testsuite> <!-- testCases.Login -->
