<?xml version="1.0" encoding="UTF-8"?>
<!-- Generated by org.testng.reporters.JUnitReportReporter -->
<testsuite hostname="PSSLDELAS2173" failures="0" tests="1" name="executable.LoginExe" time="0.557" errors="0" timestamp="2024-09-05T20:06:05 IST" skipped="0">
  <testcase classname="executable.LoginExe" name="login" time="0.557"/>
</testsuite> <!-- executable.LoginExe -->
